      1 /3f00/2f00
      1 /3f00/2f00.def
      2 /3f00/2f05
      1 /3f00/2f05.def
      8 /3f00/2f06
      8 /3f00/2f06.def
      2 /3f00/2f08
      2 /3f00/2f08.def
      2 /3f00/2fe2
      1 /3f00/2fe2.def
      1 /3f00/7f66.def
     16 /3f00/7ff0/6f06
     16 /3f00/7ff0/6f06.def
      2 /3f00/7ff0/6f09
      1 /3f00/7ff0/6f09.def
      2 /3f00/7ff0/6f31
      1 /3f00/7ff0/6f31.def
      2 /3f00/7ff0/6f38
      1 /3f00/7ff0/6f38.def
      2 /3f00/7ff0/6f42
      6 /3f00/7ff0/6f42.def
      2 /3f00/7ff0/6f73
      1 /3f00/7ff0/6f73.def
      2 /3f00/7ff0/6f78
      1 /3f00/7ff0/6f78.def
      2 /3f00/7ff0/6f7b
      1 /3f00/7ff0/6f7b.def
      2 /3f00/7ff0/6f7e
      1 /3f00/7ff0/6f7e.def
      2 /3f00/7ff0/6fe3
      1 /3f00/7ff0/6fe3.def
      2 /3f00/7ff0/6fe4
      2 /3f00/7ff0/6fe4.def
      5 /3f00/7ff0/7f66.def
     24 /3f00/7ff0.def
      2 /3f00/a001
      1 /3f00/a001.def
    118 /3f00/a003
     64 /3f00/a003.def
      2 /3f00/a100
     33 /3f00/a100.def
      2 /3f00/a101
      2 /3f00/a102
      2 /3f00/a103
      2 /3f00/a104
      2 /3f00/a105
      2 /3f00/a106
      2 /3f00/a107
      2 /3f00/a108
      2 /3f00/a109
      2 /3f00/a10a
      2 /3f00/a10b
      2 /3f00/a10c
      2 /3f00/a10d
      2 /3f00/a10e
      2 /3f00/a10f
      2 /3f00/a110
      2 /3f00/a111
      2 /3f00/a112
      2 /3f00/a113
      2 /3f00/a114
      2 /3f00/a115
      2 /3f00/a116
      2 /3f00/a117
      2 /3f00/a118
      2 /3f00/a119
      2 /3f00/a11a
      2 /3f00/a11b
      2 /3f00/a11c
      2 /3f00/a11d
      2 /3f00/a11e
      2 /3f00/a11f
      2 /3f00/a120
      2 /3f00/a1df1d01
      1 /3f00/a1df1d01.def
    113 /3f00.def
